TN:
SF:src\modules\appointments\services\CreateAppointmentService.ts
FN:41,__decorate
FN:41,__metadata
FN:41,__param
FN:41,__awaiter
FN:41,adopt
FN:41,fulfilled
FN:41,rejected
FN:41,step
FN:41,__generator
FN:41,sent
FN:41,g.<computed>
FN:41,verb
FN:41,step
FN:41,__importDefault
FN:16,CreateAppointmentService
FN:21,CreateAppointmentService.execute
FNF:16
FNH:14
FNDA:1,__decorate
FNDA:1,__metadata
FNDA:1,__param
FNDA:3,__awaiter
FNDA:5,adopt
FNDA:5,fulfilled
FNDA:0,rejected
FNDA:7,step
FNDA:3,__generator
FNDA:5,sent
FNDA:0,g.<computed>
FNDA:9,verb
FNDA:8,step
FNDA:1,__importDefault
FNDA:2,CreateAppointmentService
FNDA:3,CreateAppointmentService.execute
DA:1,1
DA:2,1
DA:3,1
DA:4,1
DA:5,1
DA:6,1
DA:7,1
DA:8,1
DA:9,1
DA:10,1
DA:11,1
DA:12,1
DA:13,1
DA:14,1
DA:15,1
DA:16,1
DA:17,2
DA:18,2
DA:19,2
DA:20,1
DA:21,1
DA:22,3
DA:23,3
DA:24,3
DA:25,3
DA:26,3
DA:27,3
DA:28,3
DA:29,1
DA:30,1
DA:31,2
DA:32,2
DA:33,2
DA:34,2
DA:35,2
DA:36,3
DA:37,3
DA:38,3
DA:39,1
DA:40,1
DA:41,1
LF:41
LH:41
BRDA:41,0,0,1
BRDA:41,1,0,1
BRDA:41,2,0,0
BRDA:41,3,0,0
BRDA:41,4,0,0
BRDA:41,5,0,0
BRDA:41,6,0,1
BRDA:41,7,0,1
BRDA:41,8,0,1
BRDA:41,9,0,3
BRDA:41,10,0,5
BRDA:41,11,0,0
BRDA:41,12,0,3
BRDA:41,13,0,5
BRDA:41,14,0,1
BRDA:41,15,0,7
BRDA:41,16,0,2
BRDA:41,17,0,5
BRDA:41,18,0,3
BRDA:41,19,0,5
BRDA:41,20,0,0
BRDA:41,21,0,9
BRDA:41,22,0,8
BRDA:41,23,0,8
BRDA:41,24,0,0
BRDA:41,25,0,16
BRDA:41,26,0,0
BRDA:41,27,0,0
BRDA:41,28,0,0
BRDA:41,29,0,0
BRDA:41,30,0,8
BRDA:41,31,0,8
BRDA:41,32,0,5
BRDA:41,33,0,0
BRDA:41,34,0,0
BRDA:41,35,0,3
BRDA:41,36,0,0
BRDA:41,37,0,2
BRDA:41,38,0,0
BRDA:41,39,0,0
BRDA:41,40,0,0
BRDA:41,41,0,0
BRDA:41,42,0,8
BRDA:41,43,0,1
BRDA:41,44,0,8
BRDA:41,45,0,3
BRDA:41,46,0,1
BRDA:41,47,0,2
BRDA:41,48,0,0
BRDA:41,49,0,1
BRDA:41,50,0,0
BRDA:15,51,0,1
BRDA:16,52,0,2
BRDA:21,53,0,3
BRDA:41,54,0,3
BRDA:41,55,0,8
BRDA:41,56,0,3
BRDA:41,57,0,3
BRDA:28,58,0,1
BRDA:30,59,0,2
BRDA:41,60,0,2
BRF:61
BRH:41
end_of_record
TN:
SF:src\modules\users\services\AuthenticateUserService.ts
FN:58,__decorate
FN:58,__metadata
FN:58,__param
FN:58,__awaiter
FN:58,adopt
FN:58,fulfilled
FN:58,rejected
FN:58,step
FN:58,__generator
FN:58,sent
FN:58,g.<computed>
FN:58,verb
FN:58,step
FN:58,__importDefault
FN:23,AuthenticateUserService
FN:31,AuthenticateUserService.execute
FNF:16
FNH:14
FNDA:1,__decorate
FNDA:1,__metadata
FNDA:2,__param
FNDA:3,__awaiter
FNDA:5,adopt
FNDA:5,fulfilled
FNDA:0,rejected
FNDA:6,step
FNDA:3,__generator
FNDA:5,sent
FNDA:0,g.<computed>
FNDA:9,verb
FNDA:8,step
FNDA:2,__importDefault
FNDA:3,AuthenticateUserService
FNDA:3,AuthenticateUserService.execute
DA:1,1
DA:2,1
DA:3,1
DA:4,1
DA:5,1
DA:6,1
DA:7,1
DA:8,1
DA:9,1
DA:10,1
DA:11,1
DA:12,1
DA:13,1
DA:14,1
DA:15,1
DA:16,1
DA:17,1
DA:18,1
DA:19,1
DA:20,1
DA:21,1
DA:22,1
DA:23,1
DA:24,3
DA:25,3
DA:26,3
DA:27,3
DA:28,3
DA:29,3
DA:30,1
DA:31,1
DA:32,3
DA:33,3
DA:34,3
DA:35,1
DA:36,1
DA:37,2
DA:38,2
DA:39,2
DA:40,2
DA:41,2
DA:42,3
DA:43,3
DA:44,1
DA:45,1
DA:46,1
DA:47,1
DA:48,1
DA:49,1
DA:50,1
DA:51,1
DA:52,1
DA:53,1
DA:54,1
DA:55,3
DA:56,1
DA:57,1
DA:58,1
LF:58
LH:58
BRDA:58,0,0,1
BRDA:58,1,0,1
BRDA:58,2,0,0
BRDA:58,3,0,0
BRDA:58,4,0,0
BRDA:58,5,0,0
BRDA:58,6,0,1
BRDA:58,7,0,2
BRDA:58,8,0,2
BRDA:58,9,0,3
BRDA:58,10,0,5
BRDA:58,11,0,0
BRDA:58,12,0,3
BRDA:58,13,0,5
BRDA:58,14,0,2
BRDA:58,15,0,6
BRDA:58,16,0,1
BRDA:58,17,0,5
BRDA:58,18,0,3
BRDA:58,19,0,5
BRDA:58,20,0,0
BRDA:58,21,0,9
BRDA:58,22,0,8
BRDA:58,23,0,8
BRDA:58,24,0,0
BRDA:58,25,0,16
BRDA:58,26,0,0
BRDA:58,27,0,0
BRDA:58,28,0,0
BRDA:58,29,0,0
BRDA:58,30,0,8
BRDA:58,31,0,8
BRDA:58,32,0,5
BRDA:58,33,0,0
BRDA:58,34,0,0
BRDA:58,35,0,3
BRDA:58,36,0,0
BRDA:58,37,0,1
BRDA:58,38,0,0
BRDA:58,39,0,0
BRDA:58,40,0,0
BRDA:58,41,0,0
BRDA:58,42,0,8
BRDA:58,43,0,2
BRDA:58,44,0,8
BRDA:58,45,0,3
BRDA:58,46,0,2
BRDA:58,47,0,1
BRDA:58,48,0,0
BRDA:58,49,0,2
BRDA:58,50,0,0
BRDA:22,51,0,1
BRDA:23,52,0,3
BRDA:31,53,0,3
BRDA:58,54,0,3
BRDA:58,55,0,8
BRDA:32,56,0,3
BRDA:58,57,0,3
BRDA:34,58,0,1
BRDA:36,59,0,2
BRDA:58,60,0,2
BRDA:43,61,0,1
BRF:62
BRH:42
end_of_record
TN:
SF:src\modules\users\services\CreateUserService.ts
FN:42,__decorate
FN:42,__metadata
FN:42,__param
FN:42,__awaiter
FN:42,adopt
FN:42,fulfilled
FN:42,rejected
FN:42,step
FN:42,__generator
FN:42,sent
FN:42,g.<computed>
FN:42,verb
FN:42,step
FN:42,__importDefault
FN:17,CreateUserService
FN:25,CreateUserService.execute
FNF:16
FNH:14
FNDA:2,__decorate
FNDA:2,__metadata
FNDA:4,__param
FNDA:5,__awaiter
FNDA:13,adopt
FNDA:13,fulfilled
FNDA:0,rejected
FNDA:17,step
FNDA:5,__generator
FNDA:13,sent
FNDA:0,g.<computed>
FNDA:15,verb
FNDA:18,step
FNDA:2,__importDefault
FNDA:5,CreateUserService
FNDA:5,CreateUserService.execute
DA:1,1
DA:2,1
DA:3,1
DA:4,1
DA:5,1
DA:6,1
DA:7,1
DA:8,1
DA:9,1
DA:10,1
DA:11,1
DA:12,1
DA:13,1
DA:14,1
DA:15,1
DA:16,2
DA:17,2
DA:18,5
DA:19,5
DA:20,5
DA:21,5
DA:22,5
DA:23,5
DA:24,2
DA:25,2
DA:26,5
DA:27,5
DA:28,5
DA:29,1
DA:30,1
DA:31,4
DA:32,4
DA:33,5
DA:34,5
DA:35,5
DA:36,5
DA:37,5
DA:38,5
DA:39,5
DA:40,5
DA:41,5
DA:42,2
LF:42
LH:42
BRDA:42,0,0,2
BRDA:42,1,0,2
BRDA:42,2,0,0
BRDA:42,3,0,0
BRDA:42,4,0,0
BRDA:42,5,0,0
BRDA:42,6,0,2
BRDA:42,7,0,4
BRDA:42,8,0,4
BRDA:42,9,0,5
BRDA:42,10,0,13
BRDA:42,11,0,0
BRDA:42,12,0,5
BRDA:42,13,0,13
BRDA:42,14,0,1
BRDA:42,15,0,17
BRDA:42,16,0,4
BRDA:42,17,0,13
BRDA:42,18,0,5
BRDA:42,19,0,13
BRDA:42,20,0,0
BRDA:42,21,0,15
BRDA:42,22,0,18
BRDA:42,23,0,18
BRDA:42,24,0,0
BRDA:42,25,0,36
BRDA:42,26,0,0
BRDA:42,27,0,0
BRDA:42,28,0,0
BRDA:42,29,0,0
BRDA:42,30,0,18
BRDA:42,31,0,18
BRDA:42,32,0,13
BRDA:42,33,0,0
BRDA:42,34,0,0
BRDA:42,35,0,5
BRDA:42,36,0,0
BRDA:42,37,0,4
BRDA:42,38,0,0
BRDA:42,39,0,0
BRDA:42,40,0,0
BRDA:42,41,0,0
BRDA:42,42,0,18
BRDA:42,43,0,1
BRDA:42,44,0,18
BRDA:42,45,0,5
BRDA:42,46,0,1
BRDA:42,47,0,4
BRDA:42,48,0,0
BRDA:42,49,0,2
BRDA:42,50,0,0
BRDA:16,51,0,2
BRDA:17,52,0,5
BRDA:25,53,0,5
BRDA:42,54,0,5
BRDA:42,55,0,18
BRDA:26,56,0,5
BRDA:42,57,0,5
BRDA:28,58,0,1
BRDA:30,59,0,4
BRDA:42,60,0,4
BRDA:42,61,0,4
BRF:62
BRH:42
end_of_record
TN:
SF:src\modules\users\services\ResetPasswordService.ts
FN:52,__decorate
FN:52,__metadata
FN:52,__param
FN:52,__awaiter
FN:52,adopt
FN:52,fulfilled
FN:52,rejected
FN:52,step
FN:52,__generator
FN:52,sent
FN:52,g.<computed>
FN:52,verb
FN:52,step
FN:52,__importDefault
FN:16,ResetPasswordService
FN:27,ResetPasswordService.execute
FNF:16
FNH:14
FNDA:1,__decorate
FNDA:1,__metadata
FNDA:3,__param
FNDA:4,__awaiter
FNDA:8,adopt
FNDA:8,fulfilled
FNDA:0,rejected
FNDA:9,step
FNDA:4,__generator
FNDA:8,sent
FNDA:0,g.<computed>
FNDA:12,verb
FNDA:12,step
FNDA:1,__importDefault
FNDA:4,ResetPasswordService
FNDA:4,ResetPasswordService.execute
DA:1,1
DA:2,1
DA:3,1
DA:4,1
DA:5,1
DA:6,1
DA:7,1
DA:8,1
DA:9,1
DA:10,1
DA:11,1
DA:12,1
DA:13,1
DA:14,1
DA:15,1
DA:16,1
DA:17,4
DA:18,4
DA:19,4
DA:20,4
DA:21,4
DA:22,4
DA:23,4
DA:24,4
DA:25,4
DA:26,1
DA:27,1
DA:28,4
DA:29,4
DA:30,4
DA:31,1
DA:32,1
DA:33,3
DA:34,3
DA:35,3
DA:36,3
DA:37,3
DA:38,3
DA:39,4
DA:40,1
DA:41,1
DA:42,2
DA:43,4
DA:44,4
DA:45,1
DA:46,1
DA:47,1
DA:48,1
DA:49,4
DA:50,4
DA:51,4
DA:52,1
LF:52
LH:52
BRDA:52,0,0,1
BRDA:52,1,0,1
BRDA:52,2,0,0
BRDA:52,3,0,0
BRDA:52,4,0,0
BRDA:52,5,0,0
BRDA:52,6,0,1
BRDA:52,7,0,3
BRDA:52,8,0,3
BRDA:52,9,0,4
BRDA:52,10,0,8
BRDA:52,11,0,0
BRDA:52,12,0,4
BRDA:52,13,0,8
BRDA:52,14,0,3
BRDA:52,15,0,9
BRDA:52,16,0,1
BRDA:52,17,0,8
BRDA:52,18,0,4
BRDA:52,19,0,8
BRDA:52,20,0,0
BRDA:52,21,0,12
BRDA:52,22,0,12
BRDA:52,23,0,12
BRDA:52,24,0,0
BRDA:52,25,0,24
BRDA:52,26,0,0
BRDA:52,27,0,0
BRDA:52,28,0,0
BRDA:52,29,0,0
BRDA:52,30,0,12
BRDA:52,31,0,12
BRDA:52,32,0,8
BRDA:52,33,0,0
BRDA:52,34,0,0
BRDA:52,35,0,4
BRDA:52,36,0,0
BRDA:52,37,0,1
BRDA:52,38,0,0
BRDA:52,39,0,0
BRDA:52,40,0,0
BRDA:52,41,0,0
BRDA:52,42,0,12
BRDA:52,43,0,3
BRDA:52,44,0,12
BRDA:52,45,0,4
BRDA:52,46,0,3
BRDA:52,47,0,1
BRDA:52,48,0,0
BRDA:52,49,0,1
BRDA:52,50,0,0
BRDA:15,51,0,1
BRDA:16,52,0,4
BRDA:27,53,0,4
BRDA:52,54,0,4
BRDA:52,55,0,12
BRDA:28,56,0,4
BRDA:52,57,0,4
BRDA:30,58,0,1
BRDA:32,59,0,3
BRDA:39,60,0,1
BRDA:41,61,0,2
BRDA:52,62,0,2
BRDA:44,63,0,1
BRDA:52,64,0,1
BRDA:52,65,0,1
BRF:66
BRH:46
end_of_record
TN:
SF:src\modules\users\services\SendForgotPasswordEmailService.ts
FN:34,__decorate
FN:34,__metadata
FN:34,__param
FN:34,__awaiter
FN:34,adopt
FN:34,fulfilled
FN:34,rejected
FN:34,step
FN:34,__generator
FN:34,sent
FN:34,g.<computed>
FN:34,verb
FN:34,step
FN:34,__importDefault
FN:13,SendForgotPasswordEmailService
FN:24,SendForgotPasswordEmailService.execute
FNF:16
FNH:14
FNDA:1,__decorate
FNDA:1,__metadata
FNDA:3,__param
FNDA:3,__awaiter
FNDA:5,adopt
FNDA:5,fulfilled
FNDA:0,rejected
FNDA:7,step
FNDA:3,__generator
FNDA:5,sent
FNDA:0,g.<computed>
FNDA:9,verb
FNDA:8,step
FNDA:1,__importDefault
FNDA:3,SendForgotPasswordEmailService
FNDA:3,SendForgotPasswordEmailService.execute
DA:1,1
DA:2,1
DA:3,1
DA:4,1
DA:5,1
DA:6,1
DA:7,1
DA:8,1
DA:9,1
DA:10,1
DA:11,1
DA:12,1
DA:13,1
DA:14,3
DA:15,3
DA:16,3
DA:17,3
DA:18,3
DA:19,3
DA:20,3
DA:21,3
DA:22,3
DA:23,1
DA:24,1
DA:25,3
DA:26,3
DA:27,3
DA:28,1
DA:29,1
DA:30,2
DA:31,2
DA:32,3
DA:33,3
DA:34,1
LF:34
LH:34
BRDA:34,0,0,1
BRDA:34,1,0,1
BRDA:34,2,0,0
BRDA:34,3,0,0
BRDA:34,4,0,0
BRDA:34,5,0,0
BRDA:34,6,0,1
BRDA:34,7,0,3
BRDA:34,8,0,3
BRDA:34,9,0,3
BRDA:34,10,0,5
BRDA:34,11,0,0
BRDA:34,12,0,3
BRDA:34,13,0,5
BRDA:34,14,0,1
BRDA:34,15,0,7
BRDA:34,16,0,2
BRDA:34,17,0,5
BRDA:34,18,0,3
BRDA:34,19,0,5
BRDA:34,20,0,0
BRDA:34,21,0,9
BRDA:34,22,0,8
BRDA:34,23,0,8
BRDA:34,24,0,0
BRDA:34,25,0,16
BRDA:34,26,0,0
BRDA:34,27,0,0
BRDA:34,28,0,0
BRDA:34,29,0,0
BRDA:34,30,0,8
BRDA:34,31,0,8
BRDA:34,32,0,5
BRDA:34,33,0,0
BRDA:34,34,0,0
BRDA:34,35,0,3
BRDA:34,36,0,0
BRDA:34,37,0,2
BRDA:34,38,0,0
BRDA:34,39,0,0
BRDA:34,40,0,0
BRDA:34,41,0,0
BRDA:34,42,0,8
BRDA:34,43,0,1
BRDA:34,44,0,8
BRDA:34,45,0,3
BRDA:34,46,0,1
BRDA:34,47,0,2
BRDA:34,48,0,0
BRDA:34,49,0,1
BRDA:34,50,0,0
BRDA:12,51,0,1
BRDA:13,52,0,3
BRDA:24,53,0,3
BRDA:34,54,0,3
BRDA:34,55,0,8
BRDA:25,56,0,3
BRDA:34,57,0,3
BRDA:27,58,0,1
BRDA:29,59,0,2
BRDA:34,60,0,2
BRF:61
BRH:41
end_of_record
TN:
SF:src\modules\users\services\UpdateUserAvatarService.ts
FN:46,__decorate
FN:46,__metadata
FN:46,__param
FN:46,__awaiter
FN:46,adopt
FN:46,fulfilled
FN:46,rejected
FN:46,step
FN:46,__generator
FN:46,sent
FN:46,g.<computed>
FN:46,verb
FN:46,step
FN:46,__importDefault
FN:19,UpdateUserAvatarService
FN:27,UpdateUserAvatarService.execute
FNF:16
FNH:14
FNDA:1,__decorate
FNDA:1,__metadata
FNDA:2,__param
FNDA:4,__awaiter
FNDA:11,adopt
FNDA:11,fulfilled
FNDA:0,rejected
FNDA:14,step
FNDA:4,__generator
FNDA:11,sent
FNDA:0,g.<computed>
FNDA:12,verb
FNDA:15,step
FNDA:1,__importDefault
FNDA:3,UpdateUserAvatarService
FNDA:4,UpdateUserAvatarService.execute
DA:1,1
DA:2,1
DA:3,1
DA:4,1
DA:5,1
DA:6,1
DA:7,1
DA:8,1
DA:9,1
DA:10,1
DA:11,1
DA:12,1
DA:13,1
DA:14,1
DA:15,1
DA:16,1
DA:17,1
DA:18,1
DA:19,1
DA:20,3
DA:21,3
DA:22,3
DA:23,3
DA:24,3
DA:25,3
DA:26,1
DA:27,1
DA:28,4
DA:29,4
DA:30,4
DA:31,4
DA:32,3
DA:33,3
DA:34,1
DA:35,4
DA:36,4
DA:37,4
DA:38,4
DA:39,4
DA:40,4
DA:41,4
DA:42,4
DA:43,4
DA:44,1
DA:45,1
DA:46,1
LF:46
LH:46
BRDA:46,0,0,1
BRDA:46,1,0,1
BRDA:46,2,0,0
BRDA:46,3,0,0
BRDA:46,4,0,0
BRDA:46,5,0,0
BRDA:46,6,0,1
BRDA:46,7,0,2
BRDA:46,8,0,2
BRDA:46,9,0,4
BRDA:46,10,0,11
BRDA:46,11,0,0
BRDA:46,12,0,4
BRDA:46,13,0,11
BRDA:46,14,0,1
BRDA:46,15,0,14
BRDA:46,16,0,3
BRDA:46,17,0,11
BRDA:46,18,0,4
BRDA:46,19,0,11
BRDA:46,20,0,0
BRDA:46,21,0,12
BRDA:46,22,0,15
BRDA:46,23,0,15
BRDA:46,24,0,0
BRDA:46,25,0,32
BRDA:46,26,0,0
BRDA:46,27,0,0
BRDA:46,28,0,0
BRDA:46,29,0,0
BRDA:46,30,0,15
BRDA:46,31,0,15
BRDA:46,32,0,11
BRDA:46,33,0,0
BRDA:46,34,0,0
BRDA:46,35,0,6
BRDA:46,36,0,0
BRDA:46,37,0,5
BRDA:46,38,0,4
BRDA:46,39,0,2
BRDA:46,40,0,0
BRDA:46,41,0,2
BRDA:46,42,0,0
BRDA:46,43,0,0
BRDA:46,44,0,0
BRDA:46,45,0,17
BRDA:46,46,0,1
BRDA:46,47,0,17
BRDA:46,48,0,4
BRDA:46,49,0,1
BRDA:46,50,0,3
BRDA:46,51,0,0
BRDA:46,52,0,1
BRDA:46,53,0,0
BRDA:18,54,0,1
BRDA:19,55,0,3
BRDA:27,56,0,4
BRDA:46,57,0,4
BRDA:46,58,0,17
BRDA:28,59,0,4
BRDA:46,60,0,4
BRDA:31,61,0,1
BRDA:31,62,0,3
BRDA:33,63,0,2
BRDA:33,64,0,1
BRDA:46,65,0,1
BRDA:36,66,0,3
BRDA:46,67,0,3
BRDA:46,68,0,3
BRF:69
BRH:49
end_of_record
